#
# A fatal error has been detected by the Java Runtime Environment:
#
#  Internal Error (javaClasses.cpp:136), pid=46140, tid=35788
#  fatal error: Invalid layout of preloaded class
#
# JRE version:  (7.0_71-b14) (build )
# Java VM: Java HotSpot(TM) 64-Bit Server VM (24.71-b01 mixed mode windows-amd64 compressed oops)
# Failed to write core dump. Minidumps are not enabled by default on client versions of Windows
#
# If you would like to submit a bug report, please visit:
#   http://bugreport.sun.com/bugreport/crash.jsp
#

---------------  T H R E A D  ---------------

Current thread (0x00000000021e0800):  JavaThread "Unknown thread" [_thread_in_vm, id=35788, stack(0x00000000020e0000,0x00000000021e0000)]

Stack: [0x00000000020e0000,0x00000000021e0000]

---------------  P R O C E S S  ---------------

Java Threads: ( => current thread )

Other Threads:

=>0x00000000021e0800 (exited) JavaThread "Unknown thread" [_thread_in_vm, id=35788, stack(0x00000000020e0000,0x00000000021e0000)]

VM state:not at safepoint (not fully initialized)

VM Mutex/Monitor currently owned by a thread: None

GC Heap History (0 events):
No events

Deoptimization events (0 events):
No events

Internal exceptions (0 events):
No events

Events (10 events):
Event: 0.015 loading class 0x0000000002224db0 done
Event: 0.015 loading class 0x00000000022247d0 done
Event: 0.015 loading class 0x00000000022247b0
Event: 0.015 loading class 0x000000000222c900
Event: 0.015 loading class 0x000000000222c900 done
Event: 0.015 loading class 0x000000000222c930
Event: 0.015 loading class 0x000000000222c930 done
Event: 0.015 loading class 0x000000000222c960
Event: 0.015 loading class 0x000000000222c960 done
Event: 0.015 loading class 0x00000000022247b0 done


Dynamic libraries:
0x00007ff78bce0000 - 0x00007ff78bd13000 	C:\Program Files\Java\jdk1.7.0_71\bin\javaw.exe
0x00007ffecea20000 - 0x00007ffecebcc000 	C:\windows\SYSTEM32\ntdll.dll
0x00007ffece8e0000 - 0x00007ffecea1a000 	C:\windows\system32\KERNEL32.DLL
0x00007ffecbd70000 - 0x00007ffecbe7f000 	C:\windows\system32\KERNELBASE.dll
0x00007ffeca520000 - 0x00007ffeca5a8000 	C:\windows\system32\apphelp.dll
0x00007ffebe4c0000 - 0x00007ffebe50f000 	C:\windows\AppPatch\AppPatch64\AcGenral.DLL
0x00007ffecc140000 - 0x00007ffecc1e7000 	C:\windows\system32\msvcrt.dll
0x00007ffecb6b0000 - 0x00007ffecb6db000 	C:\windows\SYSTEM32\SspiCli.dll
0x00007ffece4b0000 - 0x00007ffece501000 	C:\windows\system32\SHLWAPI.dll
0x00007ffecbe80000 - 0x00007ffecbff1000 	C:\windows\system32\USER32.dll
0x00007ffecc5c0000 - 0x00007ffecc738000 	C:\windows\system32\ole32.dll
0x00007ffeccd00000 - 0x00007ffece218000 	C:\windows\system32\SHELL32.dll
0x00007ffecaed0000 - 0x00007ffecaeee000 	C:\windows\SYSTEM32\USERENV.dll
0x00007ffecc330000 - 0x00007ffecc3d5000 	C:\windows\system32\ADVAPI32.dll
0x00007ffebe110000 - 0x00007ffebe12b000 	C:\windows\SYSTEM32\MPR.dll
0x00007ffeccba0000 - 0x00007ffecccd7000 	C:\windows\system32\RPCRT4.dll
0x00007ffece510000 - 0x00007ffece567000 	C:\windows\SYSTEM32\sechost.dll
0x00007ffecc3e0000 - 0x00007ffecc5b6000 	C:\windows\SYSTEM32\combase.dll
0x00007ffece6d0000 - 0x00007ffece814000 	C:\windows\system32\GDI32.dll
0x00007ffecb890000 - 0x00007ffecb8a4000 	C:\windows\SYSTEM32\profapi.dll
0x00007ffec9ed0000 - 0x00007ffec9f82000 	C:\windows\SYSTEM32\SHCORE.dll
0x00007ffece470000 - 0x00007ffece4a4000 	C:\windows\system32\IMM32.DLL
0x00007ffecc9e0000 - 0x00007ffeccb32000 	C:\windows\system32\MSCTF.dll
0x00007ffec9aa0000 - 0x00007ffec9cfa000 	C:\windows\WinSxS\amd64_microsoft.windows.common-controls_6595b64144ccf1df_6.0.9600.17031_none_6242a4b3ecbb55a1\COMCTL32.dll
0x0000000075e10000 - 0x0000000075ee2000 	C:\Program Files\Java\jdk1.7.0_71\jre\bin\msvcr100.dll
0x00000000754b0000 - 0x0000000075c83000 	C:\Program Files\Java\jdk1.7.0_71\jre\bin\server\jvm.dll
0x00007ffec2ef0000 - 0x00007ffec2ef9000 	C:\windows\SYSTEM32\WSOCK32.dll
0x00007ffecba20000 - 0x00007ffecba3f000 	C:\windows\system32\WINMM.dll
0x00007ffece820000 - 0x00007ffece827000 	C:\windows\system32\PSAPI.DLL
0x00007ffece660000 - 0x00007ffece6b8000 	C:\windows\system32\WS2_32.dll
0x00007ffecb970000 - 0x00007ffecb99a000 	C:\windows\system32\WINMMBASE.dll
0x00007ffece6c0000 - 0x00007ffece6c9000 	C:\windows\system32\NSI.dll
0x00007ffecba90000 - 0x00007ffecbada000 	C:\windows\SYSTEM32\cfgmgr32.dll
0x00007ffecb940000 - 0x00007ffecb966000 	C:\windows\system32\DEVOBJ.dll
0x0000000076290000 - 0x000000007629f000 	C:\Program Files\Java\jdk1.7.0_71\jre\bin\verify.dll
0x0000000076260000 - 0x0000000076288000 	C:\Program Files\Java\jdk1.7.0_71\jre\bin\java.dll
0x0000000075490000 - 0x00000000754a5000 	C:\Program Files\Java\jdk1.7.0_71\jre\bin\zip.dll

VM Arguments:
jvm_args: -Dfile.encoding=GBK -Xbootclasspath:D:\adt-bundle-windows-x86_64-20130729\sdk\platforms\android-18\android.jar 
java_command: com.bishe.aapay.util.TimeUtil
Launcher Type: SUN_STANDARD

Environment Variables:
PATH=C:/Program Files/Java/jdk1.7.0_71/bin/../jre/bin/server;C:/Program Files/Java/jdk1.7.0_71/bin/../jre/bin;C:/Program Files/Java/jdk1.7.0_71/bin/../jre/lib/amd64;C:\Program Files\Java\jdk1.7.0_71\bin;C:\Program Files (x86)\Lenovo\FusionEngine;C:\Program Files (x86)\Intel\iCLS Client\;C:\Program Files\Intel\iCLS Client\;C:\Program Files (x86)\NVIDIA Corporation\PhysX\Common;C:\windows\system32;C:\windows;C:\windows\System32\Wbem;C:\windows\System32\WindowsPowerShell\v1.0\;C:\Program Files\Intel\Intel(R) Management Engine Components\DAL;C:\Program Files\Intel\Intel(R) Management Engine Components\IPT;C:\Program Files (x86)\Intel\Intel(R) Management Engine Components\DAL;C:\Program Files (x86)\Intel\Intel(R) Management Engine Components\IPT;C:\Program Files\Intel\WiFi\bin\;C:\Program Files\Common Files\Intel\WirelessCommon\;C:\Program Files (x86)\Common Files\lenovo\easyplussdk\bin;C:\Program Files (x86)\iFLYTEK\VoiceAssistant\SpeechPlusRuntime;;C:\Program Files (x86)\Lenovo\Voice SDK;C:\Program Files (x86)\Lenovo\Lenovo Home\;D:\adt-bundle-windows-x86_64-20130729\eclipse;
USERNAME=DongLing
OS=Windows_NT
PROCESSOR_IDENTIFIER=Intel64 Family 6 Model 69 Stepping 1, GenuineIntel



---------------  S Y S T E M  ---------------

OS: Windows 8.1 , 64 bit Build 9600 

CPU:total 4 (2 cores per cpu, 2 threads per core) family 6 model 69 stepping 1, cmov, cx8, fxsr, mmx, sse, sse2, sse3, ssse3, sse4.1, sse4.2, popcnt, avx, avx2, aes, erms, ht, tsc, tscinvbit

Memory: 4k page, physical 8278296k(4455616k free), swap 9195800k(3293424k free)

vm_info: Java HotSpot(TM) 64-Bit Server VM (24.71-b01) for windows-amd64 JRE (1.7.0_71-b14), built on Sep 26 2014 16:16:12 by "java_re" with unknown MS VC++:1600

time: Fri Apr 03 11:40:38 2015
elapsed time: 0 seconds

